[2025-10-20T18:49:14.046+0000] {taskinstance.py:1157} INFO - Dependencies all met for dep_context=non-requeueable deps ti=<TaskInstance: Housing_Price_Prediction_Pipeline.train_model manual__2025-10-20T18:44:07.315918+00:00 [queued]>
[2025-10-20T18:49:14.049+0000] {taskinstance.py:1157} INFO - Dependencies all met for dep_context=requeueable deps ti=<TaskInstance: Housing_Price_Prediction_Pipeline.train_model manual__2025-10-20T18:44:07.315918+00:00 [queued]>
[2025-10-20T18:49:14.049+0000] {taskinstance.py:1359} INFO - Starting attempt 2 of 2
[2025-10-20T18:49:14.053+0000] {taskinstance.py:1380} INFO - Executing <Task(PythonOperator): train_model> on 2025-10-20 18:44:07.315918+00:00
[2025-10-20T18:49:14.056+0000] {standard_task_runner.py:57} INFO - Started process 305 to run task
[2025-10-20T18:49:14.058+0000] {standard_task_runner.py:84} INFO - Running: ['***', 'tasks', 'run', 'Housing_Price_Prediction_Pipeline', 'train_model', 'manual__2025-10-20T18:44:07.315918+00:00', '--job-id', '8', '--raw', '--subdir', 'DAGS_FOLDER/housing_price_dag.py', '--cfg-path', '/tmp/tmp97uimvt0']
[2025-10-20T18:49:14.058+0000] {standard_task_runner.py:85} INFO - Job 8: Subtask train_model
[2025-10-20T18:49:14.075+0000] {task_command.py:415} INFO - Running <TaskInstance: Housing_Price_Prediction_Pipeline.train_model manual__2025-10-20T18:44:07.315918+00:00 [running]> on host c02506775a14
[2025-10-20T18:49:14.097+0000] {taskinstance.py:1660} INFO - Exporting env vars: AIRFLOW_CTX_DAG_OWNER='pranav' AIRFLOW_CTX_DAG_ID='Housing_Price_Prediction_Pipeline' AIRFLOW_CTX_TASK_ID='train_model' AIRFLOW_CTX_EXECUTION_DATE='2025-10-20T18:44:07.315918+00:00' AIRFLOW_CTX_TRY_NUMBER='2' AIRFLOW_CTX_DAG_RUN_ID='manual__2025-10-20T18:44:07.315918+00:00'
[2025-10-20T18:49:14.098+0000] {logging_mixin.py:151} INFO - Starting model training...
[2025-10-20T18:49:14.116+0000] {logging_mixin.py:151} INFO - Training set size: (16346, 15)
[2025-10-20T18:49:14.116+0000] {logging_mixin.py:151} INFO - Test set size: (4087, 15)
[2025-10-20T18:49:14.116+0000] {logging_mixin.py:151} INFO - Training Random Forest model...
[2025-10-20T18:49:15.446+0000] {logging_mixin.py:151} INFO - Model trained and saved successfully!
[2025-10-20T18:49:15.446+0000] {python.py:194} INFO - Done. Returned value was: RandomForestRegressor(max_depth=15, n_jobs=-1, random_state=42)
[2025-10-20T18:49:15.450+0000] {xcom.py:661} ERROR - Object of type RandomForestRegressor is not JSON serializable. If you are using pickle instead of JSON for XCom, then you need to enable pickle support for XCom in your *** config or make sure to decorate your object with attr.
[2025-10-20T18:49:15.451+0000] {taskinstance.py:1935} ERROR - Task failed with exception
Traceback (most recent call last):
  File "/home/airflow/.local/lib/python3.8/site-packages/airflow/utils/json.py", line 91, in default
    return serialize(o)
  File "/home/airflow/.local/lib/python3.8/site-packages/airflow/serialization/serde.py", line 178, in serialize
    raise TypeError(f"cannot serialize object of type {cls}")
TypeError: cannot serialize object of type <class 'sklearn.ensemble._forest.RandomForestRegressor'>

During handling of the above exception, another exception occurred:

Traceback (most recent call last):
  File "/home/airflow/.local/lib/python3.8/site-packages/airflow/utils/session.py", line 74, in wrapper
    return func(*args, **kwargs)
  File "/home/airflow/.local/lib/python3.8/site-packages/airflow/models/taskinstance.py", line 2477, in xcom_push
    XCom.set(
  File "/home/airflow/.local/lib/python3.8/site-packages/airflow/utils/session.py", line 74, in wrapper
    return func(*args, **kwargs)
  File "/home/airflow/.local/lib/python3.8/site-packages/airflow/models/xcom.py", line 244, in set
    value = cls.serialize_value(
  File "/home/airflow/.local/lib/python3.8/site-packages/airflow/models/xcom.py", line 659, in serialize_value
    return json.dumps(value, cls=XComEncoder).encode("UTF-8")
  File "/usr/local/lib/python3.8/json/__init__.py", line 234, in dumps
    return cls(
  File "/home/airflow/.local/lib/python3.8/site-packages/airflow/utils/json.py", line 104, in encode
    return super().encode(o)
  File "/usr/local/lib/python3.8/json/encoder.py", line 199, in encode
    chunks = self.iterencode(o, _one_shot=True)
  File "/usr/local/lib/python3.8/json/encoder.py", line 257, in iterencode
    return _iterencode(o, 0)
  File "/home/airflow/.local/lib/python3.8/site-packages/airflow/utils/json.py", line 93, in default
    return super().default(o)
  File "/usr/local/lib/python3.8/json/encoder.py", line 179, in default
    raise TypeError(f'Object of type {o.__class__.__name__} '
TypeError: Object of type RandomForestRegressor is not JSON serializable
[2025-10-20T18:49:15.456+0000] {taskinstance.py:1398} INFO - Marking task as FAILED. dag_id=Housing_Price_Prediction_Pipeline, task_id=train_model, execution_date=20251020T184407, start_date=20251020T184914, end_date=20251020T184915
[2025-10-20T18:49:15.462+0000] {standard_task_runner.py:104} ERROR - Failed to execute job 8 for task train_model (Object of type RandomForestRegressor is not JSON serializable; 305)
[2025-10-20T18:49:15.478+0000] {local_task_job_runner.py:228} INFO - Task exited with return code 1
[2025-10-20T18:49:15.488+0000] {taskinstance.py:2776} INFO - 0 downstream tasks scheduled from follow-on schedule check
